mode: set
github.com/internships-backend/test-backend-marlendd/internal/service/auth.go:26.52,28.2 1 0
github.com/internships-backend/test-backend-marlendd/internal/service/auth.go:30.67,32.14 2 0
github.com/internships-backend/test-backend-marlendd/internal/service/auth.go:33.23,34.21 1 0
github.com/internships-backend/test-backend-marlendd/internal/service/auth.go:35.22,36.20 1 0
github.com/internships-backend/test-backend-marlendd/internal/service/auth.go:37.10,38.34 1 0
github.com/internships-backend/test-backend-marlendd/internal/service/auth.go:41.2,50.48 3 0
github.com/internships-backend/test-backend-marlendd/internal/service/booking.go:18.102,24.2 1 1
github.com/internships-backend/test-backend-marlendd/internal/service/booking.go:26.104,29.16 2 1
github.com/internships-backend/test-backend-marlendd/internal/service/booking.go:29.16,31.3 1 0
github.com/internships-backend/test-backend-marlendd/internal/service/booking.go:34.2,34.17 1 1
github.com/internships-backend/test-backend-marlendd/internal/service/booking.go:34.17,37.3 2 1
github.com/internships-backend/test-backend-marlendd/internal/service/booking.go:40.2,40.35 1 1
github.com/internships-backend/test-backend-marlendd/internal/service/booking.go:40.35,43.3 2 1
github.com/internships-backend/test-backend-marlendd/internal/service/booking.go:45.2,51.59 2 1
github.com/internships-backend/test-backend-marlendd/internal/service/booking.go:51.59,53.3 1 1
github.com/internships-backend/test-backend-marlendd/internal/service/booking.go:55.2,55.21 1 1
github.com/internships-backend/test-backend-marlendd/internal/service/booking.go:58.107,60.16 2 1
github.com/internships-backend/test-backend-marlendd/internal/service/booking.go:60.16,62.3 1 0
github.com/internships-backend/test-backend-marlendd/internal/service/booking.go:63.2,63.20 1 1
github.com/internships-backend/test-backend-marlendd/internal/service/booking.go:63.20,65.3 1 1
github.com/internships-backend/test-backend-marlendd/internal/service/booking.go:66.2,66.30 1 1
github.com/internships-backend/test-backend-marlendd/internal/service/booking.go:66.30,68.3 1 1
github.com/internships-backend/test-backend-marlendd/internal/service/booking.go:69.2,69.45 1 1
github.com/internships-backend/test-backend-marlendd/internal/service/booking.go:69.45,71.3 1 1
github.com/internships-backend/test-backend-marlendd/internal/service/booking.go:73.2,73.61 1 1
github.com/internships-backend/test-backend-marlendd/internal/service/booking.go:73.61,75.3 1 0
github.com/internships-backend/test-backend-marlendd/internal/service/booking.go:76.2,78.21 2 1
github.com/internships-backend/test-backend-marlendd/internal/service/booking.go:81.105,83.2 1 0
github.com/internships-backend/test-backend-marlendd/internal/service/booking.go:85.101,87.2 1 0
github.com/internships-backend/test-backend-marlendd/internal/service/room.go:15.71,20.2 1 0
github.com/internships-backend/test-backend-marlendd/internal/service/room.go:22.75,24.2 1 0
github.com/internships-backend/test-backend-marlendd/internal/service/room.go:26.71,28.2 1 0
github.com/internships-backend/test-backend-marlendd/internal/service/schedule.go:17.106,23.2 1 1
github.com/internships-backend/test-backend-marlendd/internal/service/schedule.go:25.105,26.62 1 1
github.com/internships-backend/test-backend-marlendd/internal/service/schedule.go:26.62,28.3 1 0
github.com/internships-backend/test-backend-marlendd/internal/service/schedule.go:28.8,29.18 1 1
github.com/internships-backend/test-backend-marlendd/internal/service/schedule.go:29.18,31.4 1 1
github.com/internships-backend/test-backend-marlendd/internal/service/schedule.go:34.2,34.69 1 1
github.com/internships-backend/test-backend-marlendd/internal/service/schedule.go:34.69,36.3 1 0
github.com/internships-backend/test-backend-marlendd/internal/service/schedule.go:36.8,37.17 1 1
github.com/internships-backend/test-backend-marlendd/internal/service/schedule.go:37.17,40.4 2 1
github.com/internships-backend/test-backend-marlendd/internal/service/schedule.go:43.2,43.61 1 1
github.com/internships-backend/test-backend-marlendd/internal/service/schedule.go:43.61,45.3 1 0
github.com/internships-backend/test-backend-marlendd/internal/service/schedule.go:47.2,47.12 1 1
github.com/internships-backend/test-backend-marlendd/internal/service/slot.go:21.16,28.2 1 1
github.com/internships-backend/test-backend-marlendd/internal/service/slot.go:30.114,33.16 2 1
github.com/internships-backend/test-backend-marlendd/internal/service/slot.go:33.16,35.3 1 0
github.com/internships-backend/test-backend-marlendd/internal/service/slot.go:36.2,36.17 1 1
github.com/internships-backend/test-backend-marlendd/internal/service/slot.go:36.17,38.3 1 1
github.com/internships-backend/test-backend-marlendd/internal/service/slot.go:41.2,42.16 2 1
github.com/internships-backend/test-backend-marlendd/internal/service/slot.go:42.16,44.3 1 0
github.com/internships-backend/test-backend-marlendd/internal/service/slot.go:46.2,46.21 1 1
github.com/internships-backend/test-backend-marlendd/internal/service/slot.go:46.21,49.3 2 1
github.com/internships-backend/test-backend-marlendd/internal/service/slot.go:52.2,53.14 2 1
github.com/internships-backend/test-backend-marlendd/internal/service/slot.go:53.14,55.3 1 1
github.com/internships-backend/test-backend-marlendd/internal/service/slot.go:57.2,57.48 1 1
github.com/internships-backend/test-backend-marlendd/internal/service/slot.go:57.48,59.3 1 1
github.com/internships-backend/test-backend-marlendd/internal/service/slot.go:62.2,63.16 2 1
github.com/internships-backend/test-backend-marlendd/internal/service/slot.go:63.16,65.17 2 1
github.com/internships-backend/test-backend-marlendd/internal/service/slot.go:65.17,68.4 2 0
github.com/internships-backend/test-backend-marlendd/internal/service/slot.go:71.2,72.16 2 1
github.com/internships-backend/test-backend-marlendd/internal/service/slot.go:72.16,74.17 2 1
github.com/internships-backend/test-backend-marlendd/internal/service/slot.go:74.17,77.4 2 0
github.com/internships-backend/test-backend-marlendd/internal/service/slot.go:81.2,87.31 4 1
github.com/internships-backend/test-backend-marlendd/internal/service/slot.go:87.31,89.28 2 1
github.com/internships-backend/test-backend-marlendd/internal/service/slot.go:89.28,90.9 1 0
github.com/internships-backend/test-backend-marlendd/internal/service/slot.go:92.3,98.22 2 1
github.com/internships-backend/test-backend-marlendd/internal/service/slot.go:101.2,101.58 1 1
github.com/internships-backend/test-backend-marlendd/internal/service/slot.go:101.58,103.3 1 0
github.com/internships-backend/test-backend-marlendd/internal/service/slot.go:105.2,105.52 1 1
