mode: set
github.com/internships-backend/test-backend-marlendd/internal/service/auth.go:27.52,29.2 1 0
github.com/internships-backend/test-backend-marlendd/internal/service/auth.go:31.67,33.14 2 0
github.com/internships-backend/test-backend-marlendd/internal/service/auth.go:34.23,35.21 1 0
github.com/internships-backend/test-backend-marlendd/internal/service/auth.go:36.22,37.20 1 0
github.com/internships-backend/test-backend-marlendd/internal/service/auth.go:38.10,39.34 1 0
github.com/internships-backend/test-backend-marlendd/internal/service/auth.go:42.2,51.48 3 0
github.com/internships-backend/test-backend-marlendd/internal/service/booking.go:19.102,25.2 1 1
github.com/internships-backend/test-backend-marlendd/internal/service/booking.go:27.104,30.16 2 1
github.com/internships-backend/test-backend-marlendd/internal/service/booking.go:30.16,32.3 1 0
github.com/internships-backend/test-backend-marlendd/internal/service/booking.go:35.2,35.17 1 1
github.com/internships-backend/test-backend-marlendd/internal/service/booking.go:35.17,38.3 2 1
github.com/internships-backend/test-backend-marlendd/internal/service/booking.go:41.2,41.35 1 1
github.com/internships-backend/test-backend-marlendd/internal/service/booking.go:41.35,44.3 2 1
github.com/internships-backend/test-backend-marlendd/internal/service/booking.go:46.2,52.59 2 1
github.com/internships-backend/test-backend-marlendd/internal/service/booking.go:52.59,54.3 1 1
github.com/internships-backend/test-backend-marlendd/internal/service/booking.go:56.2,56.21 1 1
github.com/internships-backend/test-backend-marlendd/internal/service/booking.go:59.107,61.16 2 1
github.com/internships-backend/test-backend-marlendd/internal/service/booking.go:61.16,63.3 1 0
github.com/internships-backend/test-backend-marlendd/internal/service/booking.go:64.2,64.20 1 1
github.com/internships-backend/test-backend-marlendd/internal/service/booking.go:64.20,66.3 1 1
github.com/internships-backend/test-backend-marlendd/internal/service/booking.go:67.2,67.30 1 1
github.com/internships-backend/test-backend-marlendd/internal/service/booking.go:67.30,69.3 1 1
github.com/internships-backend/test-backend-marlendd/internal/service/booking.go:70.2,70.44 1 1
github.com/internships-backend/test-backend-marlendd/internal/service/booking.go:70.44,72.3 1 1
github.com/internships-backend/test-backend-marlendd/internal/service/booking.go:74.2,74.61 1 1
github.com/internships-backend/test-backend-marlendd/internal/service/booking.go:74.61,76.3 1 0
github.com/internships-backend/test-backend-marlendd/internal/service/booking.go:77.2,79.21 2 1
github.com/internships-backend/test-backend-marlendd/internal/service/booking.go:82.105,84.2 1 0
github.com/internships-backend/test-backend-marlendd/internal/service/booking.go:86.101,88.2 1 0
github.com/internships-backend/test-backend-marlendd/internal/service/room.go:15.71,20.2 1 0
github.com/internships-backend/test-backend-marlendd/internal/service/room.go:22.75,24.2 1 0
github.com/internships-backend/test-backend-marlendd/internal/service/room.go:26.71,28.2 1 0
github.com/internships-backend/test-backend-marlendd/internal/service/schedule.go:18.106,24.2 1 1
github.com/internships-backend/test-backend-marlendd/internal/service/schedule.go:26.105,27.62 1 1
github.com/internships-backend/test-backend-marlendd/internal/service/schedule.go:27.62,29.3 1 0
github.com/internships-backend/test-backend-marlendd/internal/service/schedule.go:29.8,30.18 1 1
github.com/internships-backend/test-backend-marlendd/internal/service/schedule.go:30.18,32.4 1 1
github.com/internships-backend/test-backend-marlendd/internal/service/schedule.go:35.2,35.69 1 1
github.com/internships-backend/test-backend-marlendd/internal/service/schedule.go:35.69,37.3 1 0
github.com/internships-backend/test-backend-marlendd/internal/service/schedule.go:37.8,38.17 1 1
github.com/internships-backend/test-backend-marlendd/internal/service/schedule.go:38.17,41.4 2 1
github.com/internships-backend/test-backend-marlendd/internal/service/schedule.go:44.2,44.61 1 1
github.com/internships-backend/test-backend-marlendd/internal/service/schedule.go:44.61,46.3 1 0
github.com/internships-backend/test-backend-marlendd/internal/service/schedule.go:48.2,48.12 1 1
github.com/internships-backend/test-backend-marlendd/internal/service/slot.go:22.16,29.2 1 1
github.com/internships-backend/test-backend-marlendd/internal/service/slot.go:31.114,34.16 2 1
github.com/internships-backend/test-backend-marlendd/internal/service/slot.go:34.16,36.3 1 0
github.com/internships-backend/test-backend-marlendd/internal/service/slot.go:37.2,37.17 1 1
github.com/internships-backend/test-backend-marlendd/internal/service/slot.go:37.17,39.3 1 1
github.com/internships-backend/test-backend-marlendd/internal/service/slot.go:42.2,43.16 2 1
github.com/internships-backend/test-backend-marlendd/internal/service/slot.go:43.16,45.3 1 0
github.com/internships-backend/test-backend-marlendd/internal/service/slot.go:47.2,47.21 1 1
github.com/internships-backend/test-backend-marlendd/internal/service/slot.go:47.21,50.3 2 1
github.com/internships-backend/test-backend-marlendd/internal/service/slot.go:53.2,54.14 2 1
github.com/internships-backend/test-backend-marlendd/internal/service/slot.go:54.14,56.3 1 1
github.com/internships-backend/test-backend-marlendd/internal/service/slot.go:58.2,58.48 1 1
github.com/internships-backend/test-backend-marlendd/internal/service/slot.go:58.48,60.3 1 1
github.com/internships-backend/test-backend-marlendd/internal/service/slot.go:63.2,64.16 2 1
github.com/internships-backend/test-backend-marlendd/internal/service/slot.go:64.16,66.17 2 1
github.com/internships-backend/test-backend-marlendd/internal/service/slot.go:66.17,69.4 2 0
github.com/internships-backend/test-backend-marlendd/internal/service/slot.go:72.2,73.16 2 1
github.com/internships-backend/test-backend-marlendd/internal/service/slot.go:73.16,75.17 2 1
github.com/internships-backend/test-backend-marlendd/internal/service/slot.go:75.17,78.4 2 0
github.com/internships-backend/test-backend-marlendd/internal/service/slot.go:82.2,88.31 4 1
github.com/internships-backend/test-backend-marlendd/internal/service/slot.go:88.31,90.28 2 1
github.com/internships-backend/test-backend-marlendd/internal/service/slot.go:90.28,91.9 1 0
github.com/internships-backend/test-backend-marlendd/internal/service/slot.go:93.3,99.22 2 1
github.com/internships-backend/test-backend-marlendd/internal/service/slot.go:102.2,102.58 1 1
github.com/internships-backend/test-backend-marlendd/internal/service/slot.go:102.58,104.3 1 0
github.com/internships-backend/test-backend-marlendd/internal/service/slot.go:106.2,106.52 1 1
